<?xml version="1.0" encoding="UTF-8"?>
<testng-results skipped="0" failed="0" ignored="0" total="2" passed="2">
  <reporter-output>
  </reporter-output>
  <suite name="calculator_app_test.CalculatorAppTest" duration-ms="44" started-at="2020-04-21T00:50:13Z" finished-at="2020-04-21T00:50:13Z">
    <groups>
    </groups>
    <test name="Command line test" duration-ms="44" started-at="2020-04-21T00:50:13Z" finished-at="2020-04-21T00:50:13Z">
      <class name="calculator_app_test.CalculatorAppTest">
        <test-method status="PASS" signature="addTest()[pri:0, instance:calculator_app_test.CalculatorAppTest@6b71769e]" name="addTest" duration-ms="10" started-at="2020-04-21T00:50:13Z" finished-at="2020-04-21T00:50:13Z">
          <reporter-output>
          </reporter-output>
        </test-method> <!-- addTest -->
        <test-method status="PASS" signature="multiplyTest()[pri:0, instance:calculator_app_test.CalculatorAppTest@6b71769e]" name="multiplyTest" duration-ms="0" started-at="2020-04-21T00:50:13Z" finished-at="2020-04-21T00:50:13Z">
          <reporter-output>
          </reporter-output>
        </test-method> <!-- multiplyTest -->
      </class> <!-- calculator_app_test.CalculatorAppTest -->
    </test> <!-- Command line test -->
  </suite> <!-- calculator_app_test.CalculatorAppTest -->
</testng-results>
